Flow report for wave_gen
Sun Apr 01 18:00:44 2018
Quartus Prime Version 17.1.0 Build 590 10/25/2017 SJ Lite Edition


---------------------
; Table of Contents ;
---------------------
  1. Legal Notice
  2. Flow Summary
  3. Flow Settings
  4. Flow Non-Default Global Settings
  5. Flow Elapsed Time
  6. Flow OS Summary
  7. Flow Log
  8. Flow Messages
  9. Flow Suppressed Messages



----------------
; Legal Notice ;
----------------
Copyright (C) 2017  Intel Corporation. All rights reserved.
Your use of Intel Corporation's design tools, logic functions 
and other software and tools, and its AMPP partner logic 
functions, and any output files from any of the foregoing 
(including device programming or simulation files), and any 
associated documentation or information are expressly subject 
to the terms and conditions of the Intel Program License 
Subscription Agreement, the Intel Quartus Prime License Agreement,
the Intel FPGA IP License Agreement, or other applicable license
agreement, including, without limitation, that your use is for
the sole purpose of programming logic devices manufactured by
Intel and sold by Intel or its authorized distributors.  Please
refer to the applicable agreement for further details.



+----------------------------------------------------------------------------------+
; Flow Summary                                                                     ;
+------------------------------------+---------------------------------------------+
; Flow Status                        ; Successful - Sun Apr 01 18:00:09 2018       ;
; Quartus Prime Version              ; 17.1.0 Build 590 10/25/2017 SJ Lite Edition ;
; Revision Name                      ; wave_gen                                    ;
; Top-level Entity Name              ; wave_gen                                    ;
; Family                             ; Cyclone IV E                                ;
; Device                             ; EP4CE115F29C7                               ;
; Timing Models                      ; Final                                       ;
; Total logic elements               ; 6,003 / 114,480 ( 5 % )                     ;
;     Total combinational functions  ; 5,140 / 114,480 ( 4 % )                     ;
;     Dedicated logic registers      ; 3,719 / 114,480 ( 3 % )                     ;
; Total registers                    ; 3719                                        ;
; Total pins                         ; 518 / 529 ( 98 % )                          ;
; Total virtual pins                 ; 0                                           ;
; Total memory bits                  ; 2,212,960 / 3,981,312 ( 56 % )              ;
; Embedded Multiplier 9-bit elements ; 6 / 532 ( 1 % )                             ;
; Total PLLs                         ; 2 / 4 ( 50 % )                              ;
+------------------------------------+---------------------------------------------+


+-----------------------------------------+
; Flow Settings                           ;
+-------------------+---------------------+
; Option            ; Setting             ;
+-------------------+---------------------+
; Start date & time ; 04/01/2018 17:49:30 ;
; Main task         ; Compilation         ;
; Revision Name     ; wave_gen            ;
+-------------------+---------------------+


+----------------------------------------------------------------------------------------------------------------------------------------------+
; Flow Non-Default Global Settings                                                                                                             ;
+-------------------------------------+-------------------------------------------------------------+---------------+-------------+------------+
; Assignment Name                     ; Value                                                       ; Default Value ; Entity Name ; Section Id ;
+-------------------------------------+-------------------------------------------------------------+---------------+-------------+------------+
; COMPILER_SIGNATURE_ID               ; 143992749136.152257616511668                                ; --            ; --          ; --         ;
; FLOW_ENABLE_IO_ASSIGNMENT_ANALYSIS  ; On                                                          ; Off           ; --          ; --         ;
; MAX_CORE_JUNCTION_TEMP              ; 85                                                          ; --            ; --          ; --         ;
; MIN_CORE_JUNCTION_TEMP              ; 0                                                           ; --            ; --          ; --         ;
; MISC_FILE                           ; nios_core/synthesis/../nios_core.cmp                        ; --            ; --          ; --         ;
; MISC_FILE                           ; nios_core/synthesis/../../nios_core.qsys                    ; --            ; --          ; --         ;
; NUM_PARALLEL_PROCESSORS             ; 2                                                           ; --            ; --          ; --         ;
; OUTPUT_IO_TIMING_FAR_END_VMEAS      ; Half Signal Swing                                           ; --            ; --          ; --         ;
; OUTPUT_IO_TIMING_FAR_END_VMEAS      ; Half Signal Swing                                           ; --            ; --          ; --         ;
; OUTPUT_IO_TIMING_NEAR_END_VMEAS     ; Half Vccio                                                  ; --            ; --          ; --         ;
; OUTPUT_IO_TIMING_NEAR_END_VMEAS     ; Half Vccio                                                  ; --            ; --          ; --         ;
; PARTITION_COLOR                     ; -- (Not supported for targeted family)                      ; --            ; --          ; Top        ;
; PARTITION_FITTER_PRESERVATION_LEVEL ; -- (Not supported for targeted family)                      ; --            ; --          ; Top        ;
; PARTITION_NETLIST_TYPE              ; -- (Not supported for targeted family)                      ; --            ; --          ; Top        ;
; POWER_BOARD_THERMAL_MODEL           ; None (CONSERVATIVE)                                         ; --            ; --          ; --         ;
; POWER_PRESET_COOLING_SOLUTION       ; 23 MM HEAT SINK WITH 200 LFPM AIRFLOW                       ; --            ; --          ; --         ;
; PROJECT_OUTPUT_DIRECTORY            ; output_files                                                ; --            ; --          ; --         ;
; SLD_FILE                            ; nios_core/synthesis/nios_core.regmap                        ; --            ; --          ; --         ;
; SLD_FILE                            ; nios_core/synthesis/nios_core.debuginfo                     ; --            ; --          ; --         ;
; SLD_INFO                            ; QSYS_NAME nios_core HAS_SOPCINFO 1 GENERATION_ID 1522575782 ; --            ; nios_core   ; --         ;
; SMART_RECOMPILE                     ; On                                                          ; Off           ; --          ; --         ;
; SOPCINFO_FILE                       ; nios_core/synthesis/../../nios_core.sopcinfo                ; --            ; --          ; --         ;
; SYNTHESIS_ONLY_QIP                  ; On                                                          ; --            ; --          ; --         ;
+-------------------------------------+-------------------------------------------------------------+---------------+-------------+------------+


+-------------------------------------------------------------------------------------------------------------------------------+
; Flow Elapsed Time                                                                                                             ;
+---------------------------+--------------+-------------------------+---------------------+------------------------------------+
; Module Name               ; Elapsed Time ; Average Processors Used ; Peak Virtual Memory ; Total CPU Time (on all processors) ;
+---------------------------+--------------+-------------------------+---------------------+------------------------------------+
; Analysis & Synthesis      ; 00:04:29     ; 1.0                     ; 992 MB              ; 00:04:15                           ;
; I/O Assignment Analysis   ; 00:00:41     ; 1.0                     ; 1059 MB             ; 00:00:37                           ;
; Fitter                    ; 00:04:42     ; 1.0                     ; 1529 MB             ; 00:05:24                           ;
; Assembler                 ; 00:00:18     ; 1.0                     ; 652 MB              ; 00:00:16                           ;
; TimeQuest Timing Analyzer ; 00:00:32     ; 1.2                     ; 848 MB              ; 00:00:29                           ;
; Total                     ; 00:10:42     ; --                      ; --                  ; 00:11:01                           ;
+---------------------------+--------------+-------------------------+---------------------+------------------------------------+


+-----------------------------------------------------------------------------------------+
; Flow OS Summary                                                                         ;
+---------------------------+------------------+------------+------------+----------------+
; Module Name               ; Machine Hostname ; OS Name    ; OS Version ; Processor type ;
+---------------------------+------------------+------------+------------+----------------+
; Analysis & Synthesis      ; stephen-T400     ; Windows 10 ; 10.0       ; x86_64         ;
; I/O Assignment Analysis   ; stephen-T400     ; Windows 10 ; 10.0       ; x86_64         ;
; Fitter                    ; stephen-T400     ; Windows 10 ; 10.0       ; x86_64         ;
; Assembler                 ; stephen-T400     ; Windows 10 ; 10.0       ; x86_64         ;
; TimeQuest Timing Analyzer ; stephen-T400     ; Windows 10 ; 10.0       ; x86_64         ;
+---------------------------+------------------+------------+------------+----------------+


------------
; Flow Log ;
------------
quartus_map --read_settings_files=on --write_settings_files=off wave_gen -c wave_gen
quartus_fit --read_settings_files=off --write_settings_files=off wave_gen -c wave_gen --plan
quartus_fit --read_settings_files=off --write_settings_files=off wave_gen -c wave_gen
quartus_asm --read_settings_files=off --write_settings_files=off wave_gen -c wave_gen
quartus_sta wave_gen -c wave_gen



